<?xml version="1.0" encoding="UTF-8"?>
<!-- Generated by org.testng.reporters.JUnitXMLReporter -->
<testsuite hostname="DQ-Harish" ignored="2" name="Test" tests="2" failures="0" timestamp="14 Nov 2017 09:44:45 GMT" time="103.624" errors="0">
  <testcase name="createFolder" time="47.319" classname="assure.scripts.SmokeTest"/>
  <testcase name="createTestCase" time="56.016" classname="assure.scripts.SmokeTest"/>
  <testcase name="createSmokeuser" time="0.0" classname="assure.scripts.SmokeTest">
    <ignored/>
  </testcase> <!-- createSmokeuser -->
  <testcase name="createTestrun" time="0.0" classname="assure.scripts.SmokeTest">
    <ignored/>
  </testcase> <!-- createTestrun -->
</testsuite> <!-- Test -->
