<?xml version="1.0" encoding="UTF-8"?>
<testng-results skipped="0" failed="0" ignored="2" total="4" passed="2">
  <reporter-output>
  </reporter-output>
  <suite name="Suite" duration-ms="103624" started-at="2017-11-14T09:43:01Z" finished-at="2017-11-14T09:44:45Z">
    <groups>
    </groups>
    <test name="Test" duration-ms="103624" started-at="2017-11-14T09:43:01Z" finished-at="2017-11-14T09:44:45Z">
      <class name="assure.scripts.SmokeTest">
        <test-method status="PASS" signature="beforeConfig()[pri:0, instance:assure.scripts.SmokeTest@be2bc2]" name="beforeConfig" is-config="true" duration-ms="223" started-at="2017-11-14T15:13:01Z" finished-at="2017-11-14T15:13:02Z">
          <reporter-output>
          </reporter-output>
        </test-method> <!-- beforeConfig -->
        <test-method status="PASS" signature="createFolder()[pri:0, instance:assure.scripts.SmokeTest@be2bc2]" name="createFolder" duration-ms="47319" started-at="2017-11-14T15:13:02Z" finished-at="2017-11-14T15:13:49Z">
          <reporter-output>
          </reporter-output>
        </test-method> <!-- createFolder -->
        <test-method status="PASS" signature="afterMethod(org.testng.ITestResult)[pri:0, instance:assure.scripts.SmokeTest@be2bc2]" name="afterMethod" is-config="true" duration-ms="2" started-at="2017-11-14T15:13:49Z" finished-at="2017-11-14T15:13:49Z">
          <params>
            <param index="0">
              <value>
                <![CDATA[[TestResult name=createFolder status=SUCCESS method=SmokeTest.createFolder()[pri:0, instance:assure.scripts.SmokeTest@be2bc2] output={null}]]]>
              </value>
            </param>
          </params>
          <reporter-output>
          </reporter-output>
        </test-method> <!-- afterMethod -->
        <test-method status="PASS" signature="createTestCase()[pri:0, instance:assure.scripts.SmokeTest@be2bc2]" name="createTestCase" duration-ms="56016" started-at="2017-11-14T15:13:49Z" finished-at="2017-11-14T15:14:45Z">
          <reporter-output>
          </reporter-output>
        </test-method> <!-- createTestCase -->
        <test-method status="PASS" signature="afterMethod(org.testng.ITestResult)[pri:0, instance:assure.scripts.SmokeTest@be2bc2]" name="afterMethod" is-config="true" duration-ms="0" started-at="2017-11-14T15:14:45Z" finished-at="2017-11-14T15:14:45Z">
          <params>
            <param index="0">
              <value>
                <![CDATA[[TestResult name=createTestCase status=SUCCESS method=SmokeTest.createTestCase()[pri:0, instance:assure.scripts.SmokeTest@be2bc2] output={null}]]]>
              </value>
            </param>
          </params>
          <reporter-output>
          </reporter-output>
        </test-method> <!-- afterMethod -->
      </class> <!-- assure.scripts.SmokeTest -->
      <class name="assure.initiator.DriverLaunch">
        <test-method status="PASS" signature="configurations(java.lang.String)[pri:0, instance:assure.initiator.DriverLaunch@e2cbe0]" name="configurations" is-config="true" duration-ms="11672" started-at="2017-11-14T15:12:50Z" finished-at="2017-11-14T15:13:01Z">
          <params>
            <param index="0">
              <value>
                <![CDATA[chrome]]>
              </value>
            </param>
          </params>
          <reporter-output>
          </reporter-output>
        </test-method> <!-- configurations -->
        <test-method status="PASS" signature="connectionClose()[pri:0, instance:assure.initiator.DriverLaunch@e2cbe0]" name="connectionClose" is-config="true" duration-ms="2106" started-at="2017-11-14T15:14:45Z" finished-at="2017-11-14T15:14:47Z">
          <reporter-output>
          </reporter-output>
        </test-method> <!-- connectionClose -->
      </class> <!-- assure.initiator.DriverLaunch -->
    </test> <!-- Test -->
  </suite> <!-- Suite -->
</testng-results>
